<?xml version="1.0" encoding="UTF-8"?>
<testsuite name="ListTest" tests="2" skipped="0" failures="0" errors="0" timestamp="2016-04-26T16:54:10" hostname="epicodus-79.local" time="0.001">
  <properties/>
  <testcase name="List_instantiatesCorrectly_true" classname="ListTest" time="0.001"/>
  <testcase name="List_instantiatesWithDescription_String" classname="ListTest" time="0.0"/>
  <system-out><![CDATA[]]></system-out>
  <system-err><![CDATA[]]></system-err>
</testsuite>
